
â•”â•â•â•â•â•â•â•â•â•â•â•â•â•â•â•â•â•â•â•â•â•â•â•â•â•â•â•â•â•â•â•â•â•â•â•â•â•â•â•â•â•â•â•â•â•â•â•—
â•‘   DevKit Suite ä¸€é”®éƒ¨ç½² v2.0                 â•‘
â•‘   ç³»ç»Ÿ: linux (x86_64)  æ¨¡å¼: server      
â•šâ•â•â•â•â•â•â•â•â•â•â•â•â•â•â•â•â•â•â•â•â•â•â•â•â•â•â•â•â•â•â•â•â•â•â•â•â•â•â•â•â•â•â•â•â•â•â•


[0;34m==>[0m [0;34må®‰è£…ç³»ç»Ÿä¾èµ– (Linux)[0m
[0;32m[âœ“][0m ç³»ç»Ÿä¾èµ–å®‰è£…å®Œæˆ

[0;34m==>[0m [0;34mç³»ç»Ÿåˆå§‹åŒ–[0m
[0;32m[âœ“][0m æ—¶åŒºè®¾ä¸º Asia/Shanghai
[0;32m[âœ“][0m ç”¨æˆ· deploy å·²å­˜åœ¨

[0;34m==>[0m [0;34må®‰è£… Go 1.25.0[0m
[0;32m[âœ“][0m Go go version go1.25.0 linux/amd64 å®‰è£…å®Œæˆ

[0;34m==>[0m [0;34mæž„å»ºåº”ç”¨[0m
error: Your local changes to the following files would be overwritten by merge:
	cmd/watchbot/main.go
	deploy/setup.sh
	deploy/status.sh
	deploy/upgrade.sh
	go.mod
	go.sum
	internal/watchbot/digest.go
	internal/watchbot/store.go
	internal/watchbot/watchbot.go
	pkg/storage/storage.go
Please commit your changes or stash them before you merge.
error: The following untracked working tree files would be overwritten by merge:
	api.log
	cmd/api/main.go
	docs/dev_plan_commercialization.md
	docs/frontend_design.md
	docs/product_commercialization.md
	frontend/.gitignore
	frontend/README.md
	frontend/components.json
	frontend/eslint.config.mjs
	frontend/next.config.ts
	frontend/next.log
	frontend/package-lock.json
	frontend/package.json
	frontend/postcss.config.mjs
	frontend/public/file.svg
	frontend/public/globe.svg
	frontend/public/next.svg
	frontend/public/vercel.svg
	frontend/public/window.svg
	frontend/src/app/(auth)/onboarding/page.tsx
	frontend/src/app/dashboard/layout.tsx
	frontend/src/app/dashboard/page.tsx
	frontend/src/app/favicon.ico
	frontend/src/app/globals.css
	frontend/src/app/layout.tsx
	frontend/src/app/login/page.tsx
	frontend/src/app/page.tsx
	frontend/src/app/register/page.tsx
	frontend/src/components/theme-provider.tsx
	frontend/src/components/ui/button.tsx
	frontend/src/components/ui/card.tsx
	frontend/src/components/ui/input.tsx
	frontend/src/components/ui/label.tsx
	frontend/src/lib/utils.ts
	frontend/tsconfig.json
	internal/api/auth.go
	internal/api/handlers_newsbot.go
	internal/api/handlers_onboarding.go
	internal/api/handlers_user.go
	internal/api/handlers_watchbot.go
	internal/api/server.go
	internal/user/store.go
	pkg/storage/schema.sql
Please move or remove them before you merge.
Aborting
